<?xml version="1.0" encoding="UTF-8"?>
<!-- Generated by org.testng.reporters.JUnitReportReporter -->
<testsuite hostname="DESKTOP-K6HCSNI" failures="0" tests="4" name="SmokeTestCase.T2_Authorization" time="10.870" errors="0" timestamp="2025-02-03T23:50:00 CET" skipped="0">
  <testcase classname="SmokeTestCase.T2_Authorization" name="t2_4_Correct_Credentials" time="2.964"/>
  <testcase classname="SmokeTestCase.T2_Authorization" name="t2_1_Incorrect_Credentials" time="1.200"/>
  <testcase classname="SmokeTestCase.T2_Authorization" name="t2_3_Incorrect_Password" time="3.450"/>
  <testcase classname="SmokeTestCase.T2_Authorization" name="t2_2_Incorrect_Login" time="3.256"/>
</testsuite> <!-- SmokeTestCase.T2_Authorization -->
