<?xml version="1.0" encoding="UTF-8"?>
<!-- Generated by org.testng.reporters.JUnitReportReporter -->
<testsuite hostname="DESKTOP-K6HCSNI" failures="0" tests="2" name="SmokeTestCase.T1_Authorization_Availability" time="5.696" errors="0" timestamp="2025-02-03T23:50:00 CET" skipped="0">
  <testcase classname="SmokeTestCase.T1_Authorization_Availability" name="t1_1_Url_Availability" time="3.382"/>
  <testcase classname="SmokeTestCase.T1_Authorization_Availability" name="t1_2_Url_Refresh" time="2.314"/>
</testsuite> <!-- SmokeTestCase.T1_Authorization_Availability -->
