<?xml version="1.0" encoding="UTF-8"?>
<!-- Generated by org.testng.reporters.JUnitReportReporter -->
<testsuite hostname="DESKTOP-K6HCSNI" failures="0" tests="1" name="SmokeTestCase.T3_Generator" time="7.806" errors="0" timestamp="2025-02-03T23:50:00 CET" skipped="0">
  <testcase classname="SmokeTestCase.T3_Generator" name="t3_1_Generation_Schem" time="7.806"/>
</testsuite> <!-- SmokeTestCase.T3_Generator -->
