<?xml version="1.0" encoding="UTF-8"?>
<!-- Generated by org.testng.reporters.JUnitReportReporter -->
<testsuite hostname="DESKTOP-K6HCSNI" failures="0" tests="1" name="SmokeTestCase.T03_Generator" time="15.262" errors="0" timestamp="2025-02-16T19:20:20 CET" skipped="0">
  <testcase classname="SmokeTestCase.T03_Generator" name="t3_1_Generation_Schem" time="15.262"/>
</testsuite> <!-- SmokeTestCase.T03_Generator -->
