<?xml version="1.0" encoding="UTF-8"?>
<!-- Generated by org.testng.reporters.JUnitReportReporter -->
<testsuite hostname="DESKTOP-K6HCSNI" failures="0" tests="2" name="SmokeTestCase.T08_Docz" time="15.283" errors="0" timestamp="2025-02-16T22:41:41 CET" skipped="0">
  <testcase classname="SmokeTestCase.T08_Docz" name="t8_1_CreateDocz" time="4.799"/>
  <testcase classname="SmokeTestCase.T08_Docz" name="t8_2_DownloadingDocz" time="10.484"/>
</testsuite> <!-- SmokeTestCase.T08_Docz -->
