<?xml version="1.0" encoding="UTF-8"?>
<!-- Generated by org.testng.reporters.JUnitReportReporter -->
<testsuite hostname="DESKTOP-K6HCSNI" failures="0" tests="4" name="SmokeTestCase.T02_Authorization" time="5.865" errors="0" timestamp="2025-02-16T16:16:58 CET" skipped="0">
  <testcase classname="SmokeTestCase.T02_Authorization" name="t2_4_Correct_Credentials" time="2.174"/>
  <testcase classname="SmokeTestCase.T02_Authorization" name="t2_1_Incorrect_Credentials" time="1.244"/>
  <testcase classname="SmokeTestCase.T02_Authorization" name="t2_2_Incorrect_Login" time="1.224"/>
  <testcase classname="SmokeTestCase.T02_Authorization" name="t2_3_Incorrect_Password" time="1.223"/>
</testsuite> <!-- SmokeTestCase.T02_Authorization -->
