<?xml version="1.0" encoding="UTF-8"?>
<!-- Generated by org.testng.reporters.JUnitReportReporter -->
<testsuite hostname="DESKTOP-K6HCSNI" failures="0" tests="2" name="SmokeTestCase.T11_Check_Publish_Sharing" time="13.928" errors="0" timestamp="2025-02-15T14:43:11 CET" skipped="0">
  <testcase classname="SmokeTestCase.T11_Check_Publish_Sharing" name="t11_0_UserAuthorization" time="8.222"/>
  <testcase classname="SmokeTestCase.T11_Check_Publish_Sharing" name="t11_1_Check_Publish_User" time="5.706"/>
</testsuite> <!-- SmokeTestCase.T11_Check_Publish_Sharing -->
