<?xml version="1.0" encoding="UTF-8"?>
<!-- Generated by org.testng.reporters.JUnitReportReporter -->
<testsuite hostname="DESKTOP-K6HCSNI" failures="0" tests="4" name="SmokeTestCase.T11_Check_Publish" time="28.052" errors="0" timestamp="2025-02-17T10:45:42 CET" skipped="0">
  <testcase classname="SmokeTestCase.T11_Check_Publish" name="t11_1_Check_Publish_User" time="7.106"/>
  <testcase classname="SmokeTestCase.T11_Check_Publish" name="t11_3_Check_Publish_Folder" time="7.991"/>
  <testcase classname="SmokeTestCase.T11_Check_Publish" name="t11_0_UserAuthorization" time="5.933"/>
  <testcase classname="SmokeTestCase.T11_Check_Publish" name="t11_2_Check_Publish_Group" time="7.022"/>
</testsuite> <!-- SmokeTestCase.T11_Check_Publish -->
