<?xml version="1.0" encoding="UTF-8"?>
<!-- Generated by org.testng.reporters.JUnitReportReporter -->
<testsuite hostname="DESKTOP-K6HCSNI" failures="0" tests="5" name="SmokeTestCase.T07_Dotx" time="14.818" errors="0" timestamp="2025-02-16T19:20:20 CET" skipped="0">
  <testcase classname="SmokeTestCase.T07_Dotx" name="t7_3_CheckDotx" time="5.637"/>
  <testcase classname="SmokeTestCase.T07_Dotx" name="t7_4_CopyDotx" time="0.949"/>
  <testcase classname="SmokeTestCase.T07_Dotx" name="t7_1_DownloadingDotx" time="1.583"/>
  <testcase classname="SmokeTestCase.T07_Dotx" name="t7_2_CreateDotx" time="2.892"/>
  <testcase classname="SmokeTestCase.T07_Dotx" name="t7_5_DownloadingDotx" time="3.757"/>
</testsuite> <!-- SmokeTestCase.T07_Dotx -->
