<?xml version="1.0" encoding="UTF-8"?>
<!-- Generated by org.testng.reporters.JUnitReportReporter -->
<testsuite hostname="DESKTOP-K6HCSNI" failures="0" tests="5" name="SmokeTestCase.T05_Folders" time="8.968" errors="0" timestamp="2025-02-14T14:38:53 CET" skipped="0">
  <testcase classname="SmokeTestCase.T05_Folders" name="t5_4_RenameNull" time="0.831"/>
  <testcase classname="SmokeTestCase.T05_Folders" name="t5_3_MoveFolder" time="3.876"/>
  <testcase classname="SmokeTestCase.T05_Folders" name="t5_5_RemoveFolder" time="2.278"/>
  <testcase classname="SmokeTestCase.T05_Folders" name="t5_1_CreateRenameFolders" time="1.193"/>
  <testcase classname="SmokeTestCase.T05_Folders" name="t5_2_RenameFolders" time="0.790"/>
</testsuite> <!-- SmokeTestCase.T05_Folders -->
