<?xml version="1.0" encoding="UTF-8"?>
<!-- Generated by org.testng.reporters.JUnitReportReporter -->
<testsuite hostname="DESKTOP-K6HCSNI" failures="0" tests="3" name="SmokeTestCase.T4_menu_Work_Area" time="68.760" errors="0" timestamp="2025-02-11T11:08:36 CET" skipped="0">
  <testcase classname="SmokeTestCase.T4_menu_Work_Area" name="t4_1_Sidebar_Tabs" time="4.584"/>
  <testcase classname="SmokeTestCase.T4_menu_Work_Area" name="t4_5_Help_button" time="17.604"/>
  <testcase classname="SmokeTestCase.T4_menu_Work_Area" name="t4_4_Header_buttons" time="46.572"/>
</testsuite> <!-- SmokeTestCase.T4_menu_Work_Area -->
