<?xml version="1.0" encoding="UTF-8"?>
<!-- Generated by org.testng.reporters.JUnitReportReporter -->
<testsuite hostname="DESKTOP-K6HCSNI" failures="0" tests="5" name="SmokeTestCase.T07_Dotx" time="11.540" errors="0" timestamp="2025-02-16T16:16:58 CET" skipped="0">
  <testcase classname="SmokeTestCase.T07_Dotx" name="t7_2_CreateDotx" time="2.899"/>
  <testcase classname="SmokeTestCase.T07_Dotx" name="t7_5_DownloadingDotx" time="3.746"/>
  <testcase classname="SmokeTestCase.T07_Dotx" name="t7_4_CopyDotx" time="0.927"/>
  <testcase classname="SmokeTestCase.T07_Dotx" name="t7_3_CheckDotx" time="2.379"/>
  <testcase classname="SmokeTestCase.T07_Dotx" name="t7_1_DownloadingDotx" time="1.589"/>
</testsuite> <!-- SmokeTestCase.T07_Dotx -->
