<?xml version="1.0" encoding="UTF-8"?>
<!-- Generated by org.testng.reporters.JUnitReportReporter -->
<testsuite hostname="DESKTOP-K6HCSNI" failures="0" tests="5" name="SmokeTestCase.T05_Folders" time="8.937" errors="0" timestamp="2025-02-14T14:11:22 CET" skipped="0">
  <testcase classname="SmokeTestCase.T05_Folders" name="t5_2_RenameFolders" time="0.685"/>
  <testcase classname="SmokeTestCase.T05_Folders" name="t5_1_CreateRenameFolders" time="1.213"/>
  <testcase classname="SmokeTestCase.T05_Folders" name="t5_4_RenameNull" time="0.839"/>
  <testcase classname="SmokeTestCase.T05_Folders" name="t5_5_RemoveFolder" time="2.301"/>
  <testcase classname="SmokeTestCase.T05_Folders" name="t5_3_MoveFolder" time="3.899"/>
</testsuite> <!-- SmokeTestCase.T05_Folders -->
