<?xml version="1.0" encoding="UTF-8"?>
<!-- Generated by org.testng.reporters.JUnitReportReporter -->
<testsuite hostname="DESKTOP-K6HCSNI" failures="0" tests="3" name="SmokeTestCase.T13_Formuls" time="13.247" errors="0" timestamp="2025-02-17T10:45:42 CET" skipped="0">
  <testcase classname="SmokeTestCase.T13_Formuls" name="T13_2_Formuls_Replicator" time="6.287"/>
  <testcase classname="SmokeTestCase.T13_Formuls" name="T13_1_Formuls_String" time="3.394"/>
  <testcase classname="SmokeTestCase.T13_Formuls" name="T13_3_Formuls_Date" time="3.566"/>
</testsuite> <!-- SmokeTestCase.T13_Formuls -->
