<?xml version="1.0" encoding="UTF-8"?>
<!-- Generated by org.testng.reporters.JUnitReportReporter -->
<testsuite hostname="DESKTOP-K6HCSNI" failures="0" tests="5" name="SmokeTestCase.T5_Folders" time="8.681" errors="0" timestamp="2025-02-10T21:55:01 CET" skipped="0">
  <testcase classname="SmokeTestCase.T5_Folders" name="t5_5_RemoveFolder" time="2.076"/>
  <testcase classname="SmokeTestCase.T5_Folders" name="t5_2_RenameFolders" time="0.737"/>
  <testcase classname="SmokeTestCase.T5_Folders" name="t5_4_RenameNull" time="0.835"/>
  <testcase classname="SmokeTestCase.T5_Folders" name="t5_3_MoveFolder" time="3.852"/>
  <testcase classname="SmokeTestCase.T5_Folders" name="t5_1_CreateRenameFolders" time="1.181"/>
</testsuite> <!-- SmokeTestCase.T5_Folders -->
