<?xml version="1.0" encoding="UTF-8"?>
<!-- Generated by org.testng.reporters.JUnitReportReporter -->
<testsuite hostname="DESKTOP-K6HCSNI" failures="0" tests="4" name="SmokeTestCase.T7_Dotx" time="12.516" errors="0" timestamp="2025-02-11T16:57:55 CET" skipped="0">
  <testcase classname="SmokeTestCase.T7_Dotx" name="t7_1_DownloadingDotx" time="1.605"/>
  <testcase classname="SmokeTestCase.T7_Dotx" name="t7_4_DownloadDotx" time="3.759"/>
  <testcase classname="SmokeTestCase.T7_Dotx" name="t7_3_CheckDotx" time="4.235"/>
  <testcase classname="SmokeTestCase.T7_Dotx" name="t7_2_CreateDotx" time="2.917"/>
</testsuite> <!-- SmokeTestCase.T7_Dotx -->
