<?xml version="1.0" encoding="UTF-8"?>
<!-- Generated by org.testng.reporters.JUnitReportReporter -->
<testsuite hostname="DESKTOP-K6HCSNI" failures="0" tests="3" name="SmokeTestCase.T06_Docx" time="5.645" errors="0" timestamp="2025-02-16T22:41:41 CET" skipped="0">
  <testcase classname="SmokeTestCase.T06_Docx" name="t6_2_DownloadingDocx" time="1.744"/>
  <testcase classname="SmokeTestCase.T06_Docx" name="t6_3_CheckDocx" time="2.466"/>
  <testcase classname="SmokeTestCase.T06_Docx" name="t6_1_CreateDocx" time="1.435"/>
</testsuite> <!-- SmokeTestCase.T06_Docx -->
