<?xml version="1.0" encoding="UTF-8"?>
<!-- Generated by org.testng.reporters.JUnitReportReporter -->
<testsuite hostname="DESKTOP-K6HCSNI" failures="0" tests="2" name="SmokeTestCase.T8_Docz" time="12.882" errors="0" timestamp="2025-02-11T16:57:55 CET" skipped="0">
  <testcase classname="SmokeTestCase.T8_Docz" name="t8_2_DownloadingDocz" time="9.908"/>
  <testcase classname="SmokeTestCase.T8_Docz" name="t8_1_CreateDocz" time="2.974"/>
</testsuite> <!-- SmokeTestCase.T8_Docz -->
