<?xml version="1.0" encoding="UTF-8"?>
<!-- Generated by org.testng.reporters.JUnitReportReporter -->
<testsuite hostname="DESKTOP-K6HCSNI" failures="0" tests="2" name="SmokeTestCase.T08_Docz" time="12.863" errors="0" timestamp="2025-02-16T16:16:58 CET" skipped="0">
  <testcase classname="SmokeTestCase.T08_Docz" name="t8_2_DownloadingDocz" time="9.924"/>
  <testcase classname="SmokeTestCase.T08_Docz" name="t8_1_CreateDocz" time="2.939"/>
</testsuite> <!-- SmokeTestCase.T08_Docz -->
