<?xml version="1.0" encoding="UTF-8"?>
<!-- Generated by org.testng.reporters.JUnitReportReporter -->
<testsuite hostname="DESKTOP-K6HCSNI" failures="0" tests="4" name="SmokeTestCase.T11_Check_Publish" time="28.203" errors="0" timestamp="2025-02-16T19:20:20 CET" skipped="0">
  <testcase classname="SmokeTestCase.T11_Check_Publish" name="t11_1_Check_Publish_User" time="7.166"/>
  <testcase classname="SmokeTestCase.T11_Check_Publish" name="t11_2_Check_Publish_Group" time="6.559"/>
  <testcase classname="SmokeTestCase.T11_Check_Publish" name="t11_3_Check_Publish_Folder" time="8.529"/>
  <testcase classname="SmokeTestCase.T11_Check_Publish" name="t11_0_UserAuthorization" time="5.949"/>
</testsuite> <!-- SmokeTestCase.T11_Check_Publish -->
