<?xml version="1.0" encoding="UTF-8"?>
<!-- Generated by org.testng.reporters.JUnitReportReporter -->
<testsuite hostname="DESKTOP-K6HCSNI" failures="0" tests="3" name="SmokeTestCase.T06_Docx" time="12.987" errors="0" timestamp="2025-02-13T19:36:45 CET" skipped="0">
  <testcase classname="SmokeTestCase.T06_Docx" name="t6_2_DownloadingDocx" time="1.868"/>
  <testcase classname="SmokeTestCase.T06_Docx" name="t6_1_CreateDocx" time="1.439"/>
  <testcase classname="SmokeTestCase.T06_Docx" name="t6_3_CheckDocx" time="9.680"/>
</testsuite> <!-- SmokeTestCase.T06_Docx -->
