<?xml version="1.0" encoding="UTF-8"?>
<!-- Generated by org.testng.reporters.JUnitReportReporter -->
<testsuite hostname="DESKTOP-K6HCSNI" failures="0" tests="4" name="SmokeTestCase.T07_Dotx" time="8.074" errors="0" timestamp="2025-02-14T14:38:53 CET" skipped="0">
  <testcase classname="SmokeTestCase.T07_Dotx" name="t7_2_CreateDotx" time="2.951"/>
  <testcase classname="SmokeTestCase.T07_Dotx" name="t7_3_CheckDotx" time="2.530"/>
  <testcase classname="SmokeTestCase.T07_Dotx" name="t7_1_DownloadingDotx" time="1.622"/>
  <testcase classname="SmokeTestCase.T07_Dotx" name="t7_4_CopyDotx" time="0.971"/>
</testsuite> <!-- SmokeTestCase.T07_Dotx -->
