<?xml version="1.0" encoding="UTF-8"?>
<!-- Generated by org.testng.reporters.JUnitReportReporter -->
<testsuite hostname="DESKTOP-K6HCSNI" failures="0" tests="4" name="SmokeTestCase.T7_Dotx" time="11.298" errors="0" timestamp="2025-02-11T13:23:06 CET" skipped="0">
  <testcase classname="SmokeTestCase.T7_Dotx" name="t7_3_CheckDotx" time="2.988"/>
  <testcase classname="SmokeTestCase.T7_Dotx" name="t7_2_DownloadingDotx" time="1.593"/>
  <testcase classname="SmokeTestCase.T7_Dotx" name="t7_1_CreateDotx" time="2.944"/>
  <testcase classname="SmokeTestCase.T7_Dotx" name="t7_4_DownloadDotx" time="3.773"/>
</testsuite> <!-- SmokeTestCase.T7_Dotx -->
