<?xml version="1.0" encoding="UTF-8"?>
<!-- Generated by org.testng.reporters.JUnitReportReporter -->
<testsuite hostname="DESKTOP-K6HCSNI" failures="0" tests="3" name="SmokeTestCase.T6_Docx" time="5.852" errors="0" timestamp="2025-02-10T21:55:01 CET" skipped="0">
  <testcase classname="SmokeTestCase.T6_Docx" name="t6_3_CheckDocx" time="2.347"/>
  <testcase classname="SmokeTestCase.T6_Docx" name="t6_1_CreateDocx" time="1.568"/>
  <testcase classname="SmokeTestCase.T6_Docx" name="t6_2_DownloadDocx" time="1.937"/>
</testsuite> <!-- SmokeTestCase.T6_Docx -->
