<?xml version="1.0" encoding="UTF-8"?>
<!-- Generated by org.testng.reporters.JUnitReportReporter -->
<testsuite hostname="DESKTOP-K6HCSNI" failures="0" tests="3" name="SmokeTestCase.T13_Formuls" time="15.119" errors="0" timestamp="2025-02-16T20:30:01 CET" skipped="0">
  <testcase classname="SmokeTestCase.T13_Formuls" name="T13_2_Formuls_Replicator" time="6.582"/>
  <testcase classname="SmokeTestCase.T13_Formuls" name="T13_1_Formuls_String" time="3.745"/>
  <testcase classname="SmokeTestCase.T13_Formuls" name="T13_3_Formuls_Date" time="4.792"/>
</testsuite> <!-- SmokeTestCase.T13_Formuls -->
