<?xml version="1.0" encoding="UTF-8"?>
<!-- Generated by org.testng.reporters.JUnitReportReporter -->
<testsuite hostname="DESKTOP-K6HCSNI" failures="0" tests="2" name="SmokeTestCase.T4_menu_Work_Area" time="0.686" errors="0" timestamp="2025-02-04T13:11:12 CET" skipped="0">
  <testcase classname="SmokeTestCase.T4_menu_Work_Area" name="t4_2_Sidebar_Tabs_Sharing_Drives" time="0.165"/>
  <testcase classname="SmokeTestCase.T4_menu_Work_Area" name="t4_1_Sidebar_Tabs" time="0.521"/>
</testsuite> <!-- SmokeTestCase.T4_menu_Work_Area -->
