<?xml version="1.0" encoding="UTF-8"?>
<!-- Generated by org.testng.reporters.JUnitReportReporter -->
<testsuite hostname="DESKTOP-K6HCSNI" failures="0" tests="5" name="SmokeTestCase.T5_Folders" time="7.984" errors="0" timestamp="2025-02-10T18:48:35 CET" skipped="0">
  <testcase classname="SmokeTestCase.T5_Folders" name="t5_4_RenameNull" time="0.819"/>
  <testcase classname="SmokeTestCase.T5_Folders" name="t5_3_MoveFolder" time="3.248"/>
  <testcase classname="SmokeTestCase.T5_Folders" name="t5_1_CreateRenameFolders" time="1.086"/>
  <testcase classname="SmokeTestCase.T5_Folders" name="t5_2_RenameFolders" time="0.752"/>
  <testcase classname="SmokeTestCase.T5_Folders" name="t5_5_RemoveFolder" time="2.079"/>
</testsuite> <!-- SmokeTestCase.T5_Folders -->
