<?xml version="1.0" encoding="UTF-8"?>
<!-- Generated by org.testng.reporters.JUnitReportReporter -->
<testsuite hostname="DESKTOP-K6HCSNI" failures="0" tests="3" name="SmokeTestCase.T06_Docx" time="14.311" errors="0" timestamp="2025-02-15T14:09:06 CET" skipped="0">
  <testcase classname="SmokeTestCase.T06_Docx" name="t6_2_DownloadingDocx" time="2.001"/>
  <testcase classname="SmokeTestCase.T06_Docx" name="t6_1_CreateDocx" time="1.389"/>
  <testcase classname="SmokeTestCase.T06_Docx" name="t6_3_CheckDocx" time="10.921"/>
</testsuite> <!-- SmokeTestCase.T06_Docx -->
