<?xml version="1.0" encoding="UTF-8"?>
<!-- Generated by org.testng.reporters.JUnitReportReporter -->
<testsuite hostname="DESKTOP-K6HCSNI" failures="0" tests="1" name="SmokeTestCase.T1_Authorization_Availability" time="3.633" errors="0" timestamp="2025-02-11T16:57:55 CET" skipped="0">
  <testcase classname="SmokeTestCase.T1_Authorization_Availability" name="t1_1_Url_Availability" time="3.633"/>
</testsuite> <!-- SmokeTestCase.T1_Authorization_Availability -->
