<?xml version="1.0" encoding="UTF-8"?>
<!-- Generated by org.testng.reporters.JUnitReportReporter -->
<testsuite hostname="DESKTOP-K6HCSNI" failures="0" tests="3" name="SmokeTestCase.T4_menu_Work_Area" time="81.399" errors="0" timestamp="2025-02-09T21:33:05 CET" skipped="0">
  <testcase classname="SmokeTestCase.T4_menu_Work_Area" name="t4_4_Header_buttons" time="69.986"/>
  <testcase classname="SmokeTestCase.T4_menu_Work_Area" name="t4_1_Sidebar_Tabs" time="2.389"/>
  <testcase classname="SmokeTestCase.T4_menu_Work_Area" name="t4_5_Help_button" time="9.024"/>
</testsuite> <!-- SmokeTestCase.T4_menu_Work_Area -->
