<?xml version="1.0" encoding="UTF-8"?>
<!-- Generated by org.testng.reporters.JUnitReportReporter -->
<testsuite hostname="DESKTOP-K6HCSNI" failures="0" tests="4" name="SmokeTestCase.T2_Authorization" time="13.795" errors="0" timestamp="2025-02-04T13:57:02 CET" skipped="0">
  <testcase classname="SmokeTestCase.T2_Authorization" name="t2_3_Incorrect_Password" time="4.702"/>
  <testcase classname="SmokeTestCase.T2_Authorization" name="t2_4_Correct_Credentials" time="3.820"/>
  <testcase classname="SmokeTestCase.T2_Authorization" name="t2_2_Incorrect_Login" time="4.112"/>
  <testcase classname="SmokeTestCase.T2_Authorization" name="t2_1_Incorrect_Credentials" time="1.161"/>
</testsuite> <!-- SmokeTestCase.T2_Authorization -->
