<?xml version="1.0" encoding="UTF-8"?>
<!-- Generated by org.testng.reporters.JUnitReportReporter -->
<testsuite hostname="DESKTOP-K6HCSNI" failures="0" tests="1" name="SmokeTestCase.T4_menu_Work_Area" time="7.560" errors="0" timestamp="2025-02-07T23:59:24 CET" skipped="0">
  <testcase classname="SmokeTestCase.T4_menu_Work_Area" name="t4_5_Help_button" time="7.560"/>
</testsuite> <!-- SmokeTestCase.T4_menu_Work_Area -->
