<?xml version="1.0" encoding="UTF-8"?>
<!-- Generated by org.testng.reporters.JUnitReportReporter -->
<testsuite hostname="DESKTOP-K6HCSNI" failures="0" tests="2" name="SmokeTestCase.T4_menu_Work_Area" time="98.951" errors="0" timestamp="2025-02-06T19:20:19 CET" skipped="0">
  <testcase classname="SmokeTestCase.T4_menu_Work_Area" name="t4_4_Header_buttons" time="98.402"/>
  <testcase classname="SmokeTestCase.T4_menu_Work_Area" name="t4_1_Sidebar_Tabs" time="0.549"/>
</testsuite> <!-- SmokeTestCase.T4_menu_Work_Area -->
