<?xml version="1.0" encoding="UTF-8"?>
<!-- Generated by org.testng.reporters.JUnitReportReporter -->
<testsuite hostname="DESKTOP-K6HCSNI" failures="0" tests="1" name="SmokeTestCase.T2_Authorization" time="5.808" errors="0" timestamp="2025-02-04T23:48:28 CET" skipped="0">
  <testcase classname="SmokeTestCase.T2_Authorization" name="t2_4_Correct_Credentials" time="5.808"/>
</testsuite> <!-- SmokeTestCase.T2_Authorization -->
