<?xml version="1.0" encoding="UTF-8"?>
<!-- Generated by org.testng.reporters.JUnitReportReporter -->
<testsuite hostname="DESKTOP-K6HCSNI" failures="0" tests="5" name="SmokeTestCase.T5_Folders" time="8.007" errors="0" timestamp="2025-02-10T16:19:53 CET" skipped="0">
  <testcase classname="SmokeTestCase.T5_Folders" name="t5_1_CreateRenameFolders" time="1.108"/>
  <testcase classname="SmokeTestCase.T5_Folders" name="t5_3_MoveFolder" time="3.290"/>
  <testcase classname="SmokeTestCase.T5_Folders" name="t5_2_RenameFolders" time="0.701"/>
  <testcase classname="SmokeTestCase.T5_Folders" name="t5_4_RenameNull" time="0.834"/>
  <testcase classname="SmokeTestCase.T5_Folders" name="t5_5_RemoveFolder" time="2.074"/>
</testsuite> <!-- SmokeTestCase.T5_Folders -->
