<?xml version="1.0" encoding="UTF-8"?>
<!-- Generated by org.testng.reporters.JUnitReportReporter -->
<testsuite hostname="DESKTOP-K6HCSNI" failures="0" tests="1" name="SmokeTestCase.T9_Publish" time="1.849" errors="0" timestamp="2025-02-12T14:16:37 CET" skipped="0">
  <testcase classname="SmokeTestCase.T9_Publish" name="t9_1_UserPublish" time="1.849"/>
</testsuite> <!-- SmokeTestCase.T9_Publish -->
