<?xml version="1.0" encoding="UTF-8"?>
<!-- Generated by org.testng.reporters.JUnitReportReporter -->
<testsuite hostname="DESKTOP-K6HCSNI" failures="0" tests="2" name="SmokeTestCase.T5_Folders" time="1.766" errors="0" timestamp="2025-02-08T23:36:43 CET" skipped="0">
  <testcase classname="SmokeTestCase.T5_Folders" name="t5_1_CreateRenameFolders" time="1.096"/>
  <testcase classname="SmokeTestCase.T5_Folders" name="t5_2_RenameFolders" time="0.670"/>
</testsuite> <!-- SmokeTestCase.T5_Folders -->
