<?xml version="1.0" encoding="UTF-8"?>
<!-- Generated by org.testng.reporters.JUnitReportReporter -->
<testsuite hostname="DESKTOP-K6HCSNI" failures="0" tests="1" name="SmokeTestCase.T11_Check_Publish_Sharing" time="5.613" errors="0" timestamp="2025-02-14T14:45:09 CET" skipped="0">
  <testcase classname="SmokeTestCase.T11_Check_Publish_Sharing" name="t11_0_UserAuthorization" time="5.613"/>
</testsuite> <!-- SmokeTestCase.T11_Check_Publish_Sharing -->
