<?xml version="1.0" encoding="UTF-8"?>
<!-- Generated by org.testng.reporters.JUnitReportReporter -->
<testsuite hostname="DESKTOP-K6HCSNI" failures="0" tests="5" name="SmokeTestCase.T07_Dotx" time="11.688" errors="0" timestamp="2025-02-17T10:45:42 CET" skipped="0">
  <testcase classname="SmokeTestCase.T07_Dotx" name="t7_3_CheckDotx" time="2.572"/>
  <testcase classname="SmokeTestCase.T07_Dotx" name="t7_5_DownloadingDotx" time="3.732"/>
  <testcase classname="SmokeTestCase.T07_Dotx" name="t7_4_CopyDotx" time="0.924"/>
  <testcase classname="SmokeTestCase.T07_Dotx" name="t7_1_DownloadingDotx" time="1.565"/>
  <testcase classname="SmokeTestCase.T07_Dotx" name="t7_2_CreateDotx" time="2.895"/>
</testsuite> <!-- SmokeTestCase.T07_Dotx -->
