<?xml version="1.0" encoding="UTF-8"?>
<!-- Generated by org.testng.reporters.JUnitReportReporter -->
<testsuite hostname="DESKTOP-K6HCSNI" failures="0" tests="3" name="SmokeTestCase.T09_Publish" time="8.569" errors="0" timestamp="2025-02-16T14:41:23 CET" skipped="0">
  <testcase classname="SmokeTestCase.T09_Publish" name="t9_2_GroupPublish" time="2.320"/>
  <testcase classname="SmokeTestCase.T09_Publish" name="t9_2_folderPublish" time="3.951"/>
  <testcase classname="SmokeTestCase.T09_Publish" name="t9_1_UserPublish" time="2.298"/>
</testsuite> <!-- SmokeTestCase.T09_Publish -->
