<?xml version="1.0" encoding="UTF-8"?>
<!-- Generated by org.testng.reporters.JUnitReportReporter -->
<testsuite hostname="DESKTOP-K6HCSNI" failures="0" tests="5" name="SmokeTestCase.T12_Check_Sharing" time="14.562" errors="0" timestamp="2025-02-16T16:16:58 CET" skipped="0">
  <testcase classname="SmokeTestCase.T12_Check_Sharing" name="t12_2_Check_Reader_Group" time="3.497"/>
  <testcase classname="SmokeTestCase.T12_Check_Sharing" name="t12_4_Check_Editor_User" time="3.490"/>
  <testcase classname="SmokeTestCase.T12_Check_Sharing" name="t12_5_Check_Delete_Sharing" time="0.012"/>
  <testcase classname="SmokeTestCase.T12_Check_Sharing" name="t12_1_Check_Reader_User" time="4.070"/>
  <testcase classname="SmokeTestCase.T12_Check_Sharing" name="t12_3_Check_Comment_User" time="3.493"/>
</testsuite> <!-- SmokeTestCase.T12_Check_Sharing -->
