<?xml version="1.0" encoding="UTF-8"?>
<!-- Generated by org.testng.reporters.JUnitReportReporter -->
<testsuite hostname="DESKTOP-K6HCSNI" failures="0" tests="1" name="SmokeTestCase.T3_Generator" time="8.056" errors="0" timestamp="2025-02-07T23:58:12 CET" skipped="0">
  <testcase classname="SmokeTestCase.T3_Generator" name="t3_1_Generation_Schem" time="8.056"/>
</testsuite> <!-- SmokeTestCase.T3_Generator -->
