<?xml version="1.0" encoding="UTF-8"?>
<!-- Generated by org.testng.reporters.JUnitReportReporter -->
<testsuite hostname="DESKTOP-K6HCSNI" failures="0" tests="5" name="SmokeTestCase.T5_Folders" time="9.471" errors="0" timestamp="2025-02-09T22:10:07 CET" skipped="0">
  <testcase classname="SmokeTestCase.T5_Folders" name="t5_1_CreateRenameFolders" time="1.128"/>
  <testcase classname="SmokeTestCase.T5_Folders" name="t5_3_MoveFolder" time="3.270"/>
  <testcase classname="SmokeTestCase.T5_Folders" name="t5_2_RenameFolders" time="0.689"/>
  <testcase classname="SmokeTestCase.T5_Folders" name="t5_5_RemoveFolder" time="2.064"/>
  <testcase classname="SmokeTestCase.T5_Folders" name="t5_4_RenameNull" time="2.320"/>
</testsuite> <!-- SmokeTestCase.T5_Folders -->
