<?xml version="1.0" encoding="UTF-8"?>
<!-- Generated by org.testng.reporters.JUnitReportReporter -->
<testsuite hostname="DESKTOP-K6HCSNI" failures="0" tests="2" name="SmokeTestCase.T01_Authorization_Availability" time="4.730" errors="0" timestamp="2025-02-16T22:41:41 CET" skipped="0">
  <testcase classname="SmokeTestCase.T01_Authorization_Availability" name="t1_1_Url_Availability" time="2.789"/>
  <testcase classname="SmokeTestCase.T01_Authorization_Availability" name="t1_2_Url_Refresh" time="1.941"/>
</testsuite> <!-- SmokeTestCase.T01_Authorization_Availability -->
