<?xml version="1.0" encoding="UTF-8"?>
<!-- Generated by org.testng.reporters.JUnitReportReporter -->
<testsuite hostname="DESKTOP-K6HCSNI" failures="0" tests="2" name="SmokeTestCase.T6_Docx" time="4.162" errors="0" timestamp="2025-02-10T16:19:53 CET" skipped="0">
  <testcase classname="SmokeTestCase.T6_Docx" name="t6_1_CreateDocx" time="2.082"/>
  <testcase classname="SmokeTestCase.T6_Docx" name="t6_3_DownloadDocx" time="2.080"/>
</testsuite> <!-- SmokeTestCase.T6_Docx -->
