<?xml version="1.0" encoding="UTF-8"?>
<!-- Generated by org.testng.reporters.JUnitReportReporter -->
<testsuite hostname="DESKTOP-K6HCSNI" failures="0" tests="5" name="SmokeTestCase.T7_Dotx" time="12.277" errors="0" timestamp="2025-02-11T17:35:14 CET" skipped="0">
  <testcase classname="SmokeTestCase.T7_Dotx" name="t7_2_CreateDotx" time="2.910"/>
  <testcase classname="SmokeTestCase.T7_Dotx" name="t7_1_DownloadingDotx" time="1.590"/>
  <testcase classname="SmokeTestCase.T7_Dotx" name="t7_3_CheckDotx" time="3.051"/>
  <testcase classname="SmokeTestCase.T7_Dotx" name="t7_4_CopyDotx" time="0.971"/>
  <testcase classname="SmokeTestCase.T7_Dotx" name="t7_5_DownloadingDotx" time="3.755"/>
</testsuite> <!-- SmokeTestCase.T7_Dotx -->
