<?xml version="1.0" encoding="UTF-8"?>
<!-- Generated by org.testng.reporters.JUnitReportReporter -->
<testsuite hostname="DESKTOP-K6HCSNI" failures="0" tests="3" name="SmokeTestCase.T09_Publish" time="10.010" errors="0" timestamp="2025-02-17T10:45:42 CET" skipped="0">
  <testcase classname="SmokeTestCase.T09_Publish" name="t9_2_folderPublish" time="3.895"/>
  <testcase classname="SmokeTestCase.T09_Publish" name="t9_1_UserPublish" time="4.375"/>
  <testcase classname="SmokeTestCase.T09_Publish" name="t9_2_GroupPublish" time="1.740"/>
</testsuite> <!-- SmokeTestCase.T09_Publish -->
