<?xml version="1.0" encoding="UTF-8"?>
<!-- Generated by org.testng.reporters.JUnitReportReporter -->
<testsuite hostname="DESKTOP-K6HCSNI" failures="0" tests="3" name="SmokeTestCase.T6_Docx" time="6.414" errors="0" timestamp="2025-02-10T18:48:35 CET" skipped="0">
  <testcase classname="SmokeTestCase.T6_Docx" name="t6_2_DownloadDocx" time="1.988"/>
  <testcase classname="SmokeTestCase.T6_Docx" name="t6_3_CheckDocx" time="2.357"/>
  <testcase classname="SmokeTestCase.T6_Docx" name="t6_1_CreateDocx" time="2.069"/>
</testsuite> <!-- SmokeTestCase.T6_Docx -->
