<?xml version="1.0" encoding="UTF-8"?>
<!-- Generated by org.testng.reporters.JUnitReportReporter -->
<testsuite hostname="DESKTOP-K6HCSNI" failures="0" tests="3" name="SmokeTestCase.T6_Docx" time="7.614" errors="0" timestamp="2025-02-12T14:16:37 CET" skipped="0">
  <testcase classname="SmokeTestCase.T6_Docx" name="t6_1_CreateDocx" time="1.481"/>
  <testcase classname="SmokeTestCase.T6_Docx" name="t6_3_CheckDocx" time="4.229"/>
  <testcase classname="SmokeTestCase.T6_Docx" name="t6_2_DownloadingDocx" time="1.904"/>
</testsuite> <!-- SmokeTestCase.T6_Docx -->
