<?xml version="1.0" encoding="UTF-8"?>
<!-- Generated by org.testng.reporters.JUnitReportReporter -->
<testsuite hostname="DESKTOP-K6HCSNI" failures="0" tests="3" name="SmokeTestCase.T04_menu_Work_Area" time="96.696" errors="0" timestamp="2025-02-16T14:30:48 CET" skipped="0">
  <testcase classname="SmokeTestCase.T04_menu_Work_Area" name="t4_5_Help_button" time="9.996"/>
  <testcase classname="SmokeTestCase.T04_menu_Work_Area" name="t4_4_Header_buttons" time="82.836"/>
  <testcase classname="SmokeTestCase.T04_menu_Work_Area" name="t4_1_Sidebar_Tabs" time="3.864"/>
</testsuite> <!-- SmokeTestCase.T04_menu_Work_Area -->
