<?xml version="1.0" encoding="UTF-8"?>
<!-- Generated by org.testng.reporters.JUnitReportReporter -->
<testsuite hostname="DESKTOP-K6HCSNI" failures="0" tests="1" name="SmokeTestCase.T6_Docx" time="1.474" errors="0" timestamp="2025-02-09T22:10:07 CET" skipped="0">
  <testcase classname="SmokeTestCase.T6_Docx" name="t6_3_DownloadDocx" time="1.474"/>
</testsuite> <!-- SmokeTestCase.T6_Docx -->
