<?xml version="1.0" encoding="UTF-8"?>
<!-- Generated by org.testng.reporters.JUnitReportReporter -->
<testsuite hostname="DESKTOP-K6HCSNI" failures="0" tests="5" name="SmokeTestCase.T05_Folders" time="12.875" errors="0" timestamp="2025-02-16T16:16:58 CET" skipped="0">
  <testcase classname="SmokeTestCase.T05_Folders" name="t5_1_CreateRenameFolders" time="4.797"/>
  <testcase classname="SmokeTestCase.T05_Folders" name="t5_5_RemoveFolder" time="2.224"/>
  <testcase classname="SmokeTestCase.T05_Folders" name="t5_3_MoveFolder" time="4.312"/>
  <testcase classname="SmokeTestCase.T05_Folders" name="t5_4_RenameNull" time="0.811"/>
  <testcase classname="SmokeTestCase.T05_Folders" name="t5_2_RenameFolders" time="0.731"/>
</testsuite> <!-- SmokeTestCase.T05_Folders -->
