<?xml version="1.0" encoding="UTF-8"?>
<!-- Generated by org.testng.reporters.JUnitReportReporter -->
<testsuite hostname="DESKTOP-K6HCSNI" failures="0" tests="5" name="SmokeTestCase.T10_Share" time="12.762" errors="0" timestamp="2025-02-15T14:09:06 CET" skipped="0">
  <testcase classname="SmokeTestCase.T10_Share" name="t10_4_EditorUserShare" time="2.149"/>
  <testcase classname="SmokeTestCase.T10_Share" name="t10_1_ReaderUserShare" time="2.194"/>
  <testcase classname="SmokeTestCase.T10_Share" name="t10_2_ReaderGroupShare" time="2.130"/>
  <testcase classname="SmokeTestCase.T10_Share" name="t10_5_addDeleteUserShare" time="4.159"/>
  <testcase classname="SmokeTestCase.T10_Share" name="t10_3_CommentUserShare" time="2.130"/>
</testsuite> <!-- SmokeTestCase.T10_Share -->
