<?xml version="1.0" encoding="UTF-8"?>
<!-- Generated by org.testng.reporters.JUnitReportReporter -->
<testsuite hostname="DESKTOP-K6HCSNI" failures="0" tests="4" name="SmokeTestCase.T11_Check_Publish_Sharing" time="29.189" errors="0" timestamp="2025-02-16T14:48:11 CET" skipped="0">
  <testcase classname="SmokeTestCase.T11_Check_Publish_Sharing" name="t11_0_UserAuthorization" time="7.277"/>
  <testcase classname="SmokeTestCase.T11_Check_Publish_Sharing" name="t11_1_Check_Publish_User" time="7.219"/>
  <testcase classname="SmokeTestCase.T11_Check_Publish_Sharing" name="t11_3_Check_Publish_Folder" time="8.079"/>
  <testcase classname="SmokeTestCase.T11_Check_Publish_Sharing" name="t11_2_Check_Publish_Group" time="6.614"/>
</testsuite> <!-- SmokeTestCase.T11_Check_Publish_Sharing -->
