<?xml version="1.0" encoding="UTF-8"?>
<!-- Generated by org.testng.reporters.JUnitReportReporter -->
<testsuite hostname="DESKTOP-K6HCSNI" failures="0" tests="5" name="SmokeTestCase.T7_Dotx" time="13.003" errors="0" timestamp="2025-02-12T14:16:37 CET" skipped="0">
  <testcase classname="SmokeTestCase.T7_Dotx" name="t7_3_CheckDotx" time="3.789"/>
  <testcase classname="SmokeTestCase.T7_Dotx" name="t7_5_DownloadingDotx" time="3.745"/>
  <testcase classname="SmokeTestCase.T7_Dotx" name="t7_1_DownloadingDotx" time="1.589"/>
  <testcase classname="SmokeTestCase.T7_Dotx" name="t7_2_CreateDotx" time="2.940"/>
  <testcase classname="SmokeTestCase.T7_Dotx" name="t7_4_CopyDotx" time="0.940"/>
</testsuite> <!-- SmokeTestCase.T7_Dotx -->
