<?xml version="1.0" encoding="UTF-8"?>
<!-- Generated by org.testng.reporters.JUnitReportReporter -->
<testsuite hostname="DESKTOP-K6HCSNI" failures="0" tests="5" name="SmokeTestCase.T7_Dotx" time="11.642" errors="0" timestamp="2025-02-13T19:23:06 CET" skipped="0">
  <testcase classname="SmokeTestCase.T7_Dotx" name="t7_3_CheckDotx" time="2.425"/>
  <testcase classname="SmokeTestCase.T7_Dotx" name="t7_5_DownloadingDotx" time="3.737"/>
  <testcase classname="SmokeTestCase.T7_Dotx" name="t7_2_CreateDotx" time="2.903"/>
  <testcase classname="SmokeTestCase.T7_Dotx" name="t7_4_CopyDotx" time="0.983"/>
  <testcase classname="SmokeTestCase.T7_Dotx" name="t7_1_DownloadingDotx" time="1.594"/>
</testsuite> <!-- SmokeTestCase.T7_Dotx -->
