<?xml version="1.0" encoding="UTF-8"?>
<!-- Generated by org.testng.reporters.JUnitReportReporter -->
<testsuite hostname="DESKTOP-K6HCSNI" failures="0" tests="4" name="SmokeTestCase.T02_Authorization" time="5.824" errors="0" timestamp="2025-02-17T10:45:42 CET" skipped="0">
  <testcase classname="SmokeTestCase.T02_Authorization" name="t2_3_Incorrect_Password" time="1.219"/>
  <testcase classname="SmokeTestCase.T02_Authorization" name="t2_1_Incorrect_Credentials" time="1.230"/>
  <testcase classname="SmokeTestCase.T02_Authorization" name="t2_4_Correct_Credentials" time="2.160"/>
  <testcase classname="SmokeTestCase.T02_Authorization" name="t2_2_Incorrect_Login" time="1.215"/>
</testsuite> <!-- SmokeTestCase.T02_Authorization -->
