<?xml version="1.0" encoding="UTF-8"?>
<!-- Generated by org.testng.reporters.JUnitReportReporter -->
<testsuite hostname="DESKTOP-K6HCSNI" failures="0" tests="3" name="SmokeTestCase.T06_Docx" time="5.835" errors="0" timestamp="2025-02-16T19:20:20 CET" skipped="0">
  <testcase classname="SmokeTestCase.T06_Docx" name="t6_3_CheckDocx" time="2.620"/>
  <testcase classname="SmokeTestCase.T06_Docx" name="t6_2_DownloadingDocx" time="1.845"/>
  <testcase classname="SmokeTestCase.T06_Docx" name="t6_1_CreateDocx" time="1.370"/>
</testsuite> <!-- SmokeTestCase.T06_Docx -->
