<?xml version="1.0" encoding="UTF-8"?>
<!-- Generated by org.testng.reporters.JUnitReportReporter -->
<testsuite hostname="DESKTOP-K6HCSNI" failures="0" tests="1" name="SmokeTestCase.T7_Dotx" time="2.963" errors="0" timestamp="2025-02-10T21:55:01 CET" skipped="0">
  <testcase classname="SmokeTestCase.T7_Dotx" name="t7_1_CreateDotx" time="2.963"/>
</testsuite> <!-- SmokeTestCase.T7_Dotx -->
