<?xml version="1.0" encoding="UTF-8"?>
<!-- Generated by org.testng.reporters.JUnitReportReporter -->
<testsuite hostname="DESKTOP-K6HCSNI" failures="0" tests="5" name="SmokeTestCase.T05_Folders" time="8.905" errors="0" timestamp="2025-02-16T14:41:23 CET" skipped="0">
  <testcase classname="SmokeTestCase.T05_Folders" name="t5_4_RenameNull" time="0.854"/>
  <testcase classname="SmokeTestCase.T05_Folders" name="t5_1_CreateRenameFolders" time="1.185"/>
  <testcase classname="SmokeTestCase.T05_Folders" name="t5_2_RenameFolders" time="0.741"/>
  <testcase classname="SmokeTestCase.T05_Folders" name="t5_5_RemoveFolder" time="2.243"/>
  <testcase classname="SmokeTestCase.T05_Folders" name="t5_3_MoveFolder" time="3.882"/>
</testsuite> <!-- SmokeTestCase.T05_Folders -->
