<?xml version="1.0" encoding="UTF-8"?>
<!-- Generated by org.testng.reporters.JUnitReportReporter -->
<testsuite hostname="DESKTOP-K6HCSNI" failures="0" tests="5" name="SmokeTestCase.T07_Dotx" time="16.598" errors="0" timestamp="2025-02-16T22:41:41 CET" skipped="0">
  <testcase classname="SmokeTestCase.T07_Dotx" name="t7_1_DownloadingDotx" time="1.589"/>
  <testcase classname="SmokeTestCase.T07_Dotx" name="t7_5_DownloadingDotx" time="3.797"/>
  <testcase classname="SmokeTestCase.T07_Dotx" name="t7_2_CreateDotx" time="2.906"/>
  <testcase classname="SmokeTestCase.T07_Dotx" name="t7_3_CheckDotx" time="7.371"/>
  <testcase classname="SmokeTestCase.T07_Dotx" name="t7_4_CopyDotx" time="0.935"/>
</testsuite> <!-- SmokeTestCase.T07_Dotx -->
