<?xml version="1.0" encoding="UTF-8"?>
<!-- Generated by org.testng.reporters.JUnitReportReporter -->
<testsuite hostname="DESKTOP-K6HCSNI" failures="0" tests="5" name="SmokeTestCase.T12_Check_Sharing" time="14.526" errors="0" timestamp="2025-02-17T10:45:42 CET" skipped="0">
  <testcase classname="SmokeTestCase.T12_Check_Sharing" name="t12_1_Check_Reader_User" time="4.010"/>
  <testcase classname="SmokeTestCase.T12_Check_Sharing" name="t12_3_Check_Comment_User" time="3.431"/>
  <testcase classname="SmokeTestCase.T12_Check_Sharing" name="t12_2_Check_Reader_Group" time="3.448"/>
  <testcase classname="SmokeTestCase.T12_Check_Sharing" name="t12_4_Check_Editor_User" time="3.434"/>
  <testcase classname="SmokeTestCase.T12_Check_Sharing" name="t12_5_Check_Delete_Sharing" time="0.203"/>
</testsuite> <!-- SmokeTestCase.T12_Check_Sharing -->
