<?xml version="1.0" encoding="UTF-8"?>
<!-- Generated by org.testng.reporters.JUnitReportReporter -->
<testsuite hostname="DESKTOP-K6HCSNI" failures="0" tests="2" name="editorTest.T1_Authorization_Availability" time="37.000" errors="0" timestamp="2025-02-03T16:58:22 CET" skipped="0">
  <testcase classname="editorTest.T1_Authorization_Availability" name="t1_1_Url_Availability" time="14.333"/>
  <testcase classname="editorTest.T1_Authorization_Availability" name="t1_2_Url_Refresh" time="22.667"/>
</testsuite> <!-- editorTest.T1_Authorization_Availability -->
