<?xml version="1.0" encoding="UTF-8"?>
<!-- Generated by org.testng.reporters.JUnitReportReporter -->
<testsuite hostname="DESKTOP-K6HCSNI" failures="0" tests="2" name="SmokeTestCase.T08_Docz" time="12.919" errors="0" timestamp="2025-02-16T19:20:20 CET" skipped="0">
  <testcase classname="SmokeTestCase.T08_Docz" name="t8_1_CreateDocz" time="2.951"/>
  <testcase classname="SmokeTestCase.T08_Docz" name="t8_2_DownloadingDocz" time="9.968"/>
</testsuite> <!-- SmokeTestCase.T08_Docz -->
