<?xml version="1.0" encoding="UTF-8"?>
<!-- Generated by org.testng.reporters.JUnitReportReporter -->
<testsuite hostname="DESKTOP-K6HCSNI" failures="0" tests="3" name="SmokeTestCase.T06_Docx" time="6.363" errors="0" timestamp="2025-02-14T14:11:22 CET" skipped="0">
  <testcase classname="SmokeTestCase.T06_Docx" name="t6_3_CheckDocx" time="3.065"/>
  <testcase classname="SmokeTestCase.T06_Docx" name="t6_1_CreateDocx" time="1.422"/>
  <testcase classname="SmokeTestCase.T06_Docx" name="t6_2_DownloadingDocx" time="1.876"/>
</testsuite> <!-- SmokeTestCase.T06_Docx -->
