<?xml version="1.0" encoding="UTF-8"?>
<!-- Generated by org.testng.reporters.JUnitReportReporter -->
<testsuite hostname="DESKTOP-K6HCSNI" failures="0" tests="5" name="SmokeTestCase.T10_Share" time="12.658" errors="0" timestamp="2025-02-16T16:16:58 CET" skipped="0">
  <testcase classname="SmokeTestCase.T10_Share" name="t10_1_ReaderUserShare" time="2.125"/>
  <testcase classname="SmokeTestCase.T10_Share" name="t10_4_EditorUserShare" time="2.101"/>
  <testcase classname="SmokeTestCase.T10_Share" name="t10_3_CommentUserShare" time="2.123"/>
  <testcase classname="SmokeTestCase.T10_Share" name="t10_5_addDeleteUserShare" time="4.175"/>
  <testcase classname="SmokeTestCase.T10_Share" name="t10_2_ReaderGroupShare" time="2.134"/>
</testsuite> <!-- SmokeTestCase.T10_Share -->
