<?xml version="1.0" encoding="UTF-8"?>
<!-- Generated by org.testng.reporters.JUnitReportReporter -->
<testsuite hostname="DESKTOP-K6HCSNI" failures="0" tests="2" name="SmokeTestCase.T8_Docz" time="12.860" errors="0" timestamp="2025-02-13T19:23:06 CET" skipped="0">
  <testcase classname="SmokeTestCase.T8_Docz" name="t8_1_CreateDocz" time="2.895"/>
  <testcase classname="SmokeTestCase.T8_Docz" name="t8_2_DownloadingDocz" time="9.965"/>
</testsuite> <!-- SmokeTestCase.T8_Docz -->
