<?xml version="1.0" encoding="UTF-8"?>
<!-- Generated by org.testng.reporters.JUnitReportReporter -->
<testsuite hostname="DESKTOP-K6HCSNI" failures="0" tests="4" name="SmokeTestCase.T07_Dotx" time="8.508" errors="0" timestamp="2025-02-16T14:41:23 CET" skipped="0">
  <testcase classname="SmokeTestCase.T07_Dotx" name="t7_4_CopyDotx" time="0.950"/>
  <testcase classname="SmokeTestCase.T07_Dotx" name="t7_1_DownloadingDotx" time="1.618"/>
  <testcase classname="SmokeTestCase.T07_Dotx" name="t7_3_CheckDotx" time="2.967"/>
  <testcase classname="SmokeTestCase.T07_Dotx" name="t7_2_CreateDotx" time="2.973"/>
</testsuite> <!-- SmokeTestCase.T07_Dotx -->
