<?xml version="1.0" encoding="UTF-8"?>
<!-- Generated by org.testng.reporters.JUnitReportReporter -->
<testsuite hostname="DESKTOP-K6HCSNI" failures="0" tests="4" name="SmokeTestCase.T07_Dotx" time="9.000" errors="0" timestamp="2025-02-15T14:09:06 CET" skipped="0">
  <testcase classname="SmokeTestCase.T07_Dotx" name="t7_2_CreateDotx" time="2.914"/>
  <testcase classname="SmokeTestCase.T07_Dotx" name="t7_1_DownloadingDotx" time="1.589"/>
  <testcase classname="SmokeTestCase.T07_Dotx" name="t7_4_CopyDotx" time="0.968"/>
  <testcase classname="SmokeTestCase.T07_Dotx" name="t7_3_CheckDotx" time="3.529"/>
</testsuite> <!-- SmokeTestCase.T07_Dotx -->
