<?xml version="1.0" encoding="UTF-8"?>
<!-- Generated by org.testng.reporters.JUnitReportReporter -->
<testsuite hostname="DESKTOP-K6HCSNI" failures="0" tests="3" name="SmokeTestCase.T09_Publish" time="8.755" errors="0" timestamp="2025-02-14T13:07:38 CET" skipped="0">
  <testcase classname="SmokeTestCase.T09_Publish" name="t9_2_folderPublish" time="4.024"/>
  <testcase classname="SmokeTestCase.T09_Publish" name="t9_2_GroupPublish" time="2.382"/>
  <testcase classname="SmokeTestCase.T09_Publish" name="t9_1_UserPublish" time="2.349"/>
</testsuite> <!-- SmokeTestCase.T09_Publish -->
