<?xml version="1.0" encoding="UTF-8"?>
<!-- Generated by org.testng.reporters.JUnitReportReporter -->
<testsuite hostname="DESKTOP-K6HCSNI" failures="0" tests="3" name="SmokeTestCase.T9_Publish" time="9.396" errors="0" timestamp="2025-02-13T19:23:06 CET" skipped="0">
  <testcase classname="SmokeTestCase.T9_Publish" name="t9_1_UserPublish" time="2.422"/>
  <testcase classname="SmokeTestCase.T9_Publish" name="t9_2_GroupPublish" time="2.961"/>
  <testcase classname="SmokeTestCase.T9_Publish" name="t9_2_folderPublish" time="4.013"/>
</testsuite> <!-- SmokeTestCase.T9_Publish -->
