<?xml version="1.0" encoding="UTF-8"?>
<!-- Generated by org.testng.reporters.JUnitReportReporter -->
<testsuite hostname="DESKTOP-K6HCSNI" failures="0" tests="1" name="SmokeTestCase.T3_Generator" time="5.831" errors="0" timestamp="2025-02-03T22:07:04 CET" skipped="0">
  <testcase classname="SmokeTestCase.T3_Generator" name="t3_1_Generation_Schem" time="5.831"/>
</testsuite> <!-- SmokeTestCase.T3_Generator -->
